<?xml version="1.0" encoding="UTF-8"?>
<testng-results skipped="0" failed="0" total="1" passed="1">
  <reporter-output>
  </reporter-output>
  <suite name="Suite" duration-ms="13561" started-at="2018-02-16T06:38:51Z" finished-at="2018-02-16T06:39:05Z">
    <groups>
    </groups>
    <test name="Test" duration-ms="13561" started-at="2018-02-16T06:38:51Z" finished-at="2018-02-16T06:39:05Z">
      <class name="demoJenkins.JenkinsExample1">
        <test-method status="PASS" signature="f()[pri:0, instance:demoJenkins.JenkinsExample1@3ecf72fd]" name="f" duration-ms="13549" started-at="2018-02-16T06:38:51Z" finished-at="2018-02-16T06:39:05Z">
        </test-method> <!-- f -->
      </class> <!-- demoJenkins.JenkinsExample1 -->
    </test> <!-- Test -->
  </suite> <!-- Suite -->
</testng-results>
